<?xml version="1.0" encoding="UTF-8"?>
<!-- Generated by org.testng.reporters.JUnitReportReporter -->
<testsuite ignored="0" hostname="DESKTOP-N08G7OQ" failures="0" tests="6" name="ProductListDesc" time="16.546" errors="0" timestamp="10 Feb 2021 18:36:06 GMT" skipped="0">
  <testcase classname="ProductListDesc" name="startBrowserAndNavigateToUrl" time="5.095"/>
  <testcase classname="ProductListDesc" name="sortDesc" time="1.135"/>
  <testcase classname="ProductListDesc" name="checkListOrder" time="1.245"/>
  <testcase classname="ProductListDesc" name="checkListOrder" time="2.066"/>
  <testcase classname="ProductListDesc" name="sortDesc" time="1.889"/>
  <testcase classname="ProductListDesc" name="startBrowserAndNavigateToUrl" time="5.116"/>
</testsuite> <!-- ProductListDesc -->
