<?xml version="1.0" encoding="UTF-8"?>
<!-- Generated by org.testng.reporters.JUnitReportReporter -->
<testsuite ignored="0" hostname="DESKTOP-N08G7OQ" failures="0" tests="6" name="ProductListAsc" time="55.510" errors="0" timestamp="10 Feb 2021 08:44:01 GMT" skipped="0">
  <testcase classname="ProductListAsc" name="sortAsc" time="1.082"/>
  <testcase classname="ProductListAsc" name="checkListOrder" time="1.900"/>
  <testcase classname="ProductListAsc" name="sortAsc" time="11.620"/>
  <testcase classname="ProductListAsc" name="startBrowserAndNavigateToTatocAdvanced" time="17.518"/>
  <testcase classname="ProductListAsc" name="startBrowserAndNavigateToTatocAdvanced" time="21.590"/>
  <testcase classname="ProductListAsc" name="checkListOrder" time="1.800"/>
</testsuite> <!-- ProductListAsc -->
