<?xml version="1.0" encoding="UTF-8"?>
<!-- Generated by org.testng.reporters.JUnitReportReporter -->
<testsuite ignored="0" hostname="DESKTOP-N08G7OQ" failures="0" tests="3" name="ProductList" time="6.589" errors="0" timestamp="07 Feb 2021 19:20:00 GMT" skipped="0">
  <testcase classname="ProductList" name="checkListOrder" time="1.643"/>
  <testcase classname="ProductList" name="sort" time="0.357"/>
  <testcase classname="ProductList" name="startBrowserAndNavigateToTatocAdvanced" time="4.589"/>
</testsuite> <!-- ProductList -->
