<?xml version="1.0" encoding="UTF-8"?>
<!-- Generated by org.testng.reporters.JUnitReportReporter -->
<testsuite ignored="0" hostname="DESKTOP-N08G7OQ" failures="0" tests="6" name="ProductListDesc" time="16.606" errors="0" timestamp="10 Feb 2021 08:44:01 GMT" skipped="0">
  <testcase classname="ProductListDesc" name="checkListOrder" time="1.793"/>
  <testcase classname="ProductListDesc" name="sortDesc" time="0.379"/>
  <testcase classname="ProductListDesc" name="checkListOrder" time="1.518"/>
  <testcase classname="ProductListDesc" name="sortDesc" time="0.440"/>
  <testcase classname="ProductListDesc" name="startBrowserAndNavigateToTatocAdvanced" time="6.137"/>
  <testcase classname="ProductListDesc" name="startBrowserAndNavigateToTatocAdvanced" time="6.339"/>
</testsuite> <!-- ProductListDesc -->
